ARM: S3C2440: Fixed build error for s3c244x

Fixed following:
arch/arm/mach-s3c2440/s3c244x.c: In function 's3c244x_restart':
arch/arm/mach-s3c2440/s3c244x.c:209: error: expected declaration or statement at end of input
make[1]: *** [arch/arm/mach-s3c24xx/s3c244x.o] Error 1
make: *** [arch/arm/mach-s3c24xx] Error 2

Signed-off-by: Kukjin Kim <kgene.kim@samsung.com>
Signed-off-by: Olof Johansson <olof@lixom.net>

