thermal: solve compilation errors in rcar_thermal

following were the errors reported

drivers/thermal/rcar_thermal.c: In function ‘rcar_thermal_probe’:
drivers/thermal/rcar_thermal.c:214:10: warning: passing argument 3 of ‘thermal_zone_device_register’ makes integer from pointer without a cast [enabled by default]
include/linux/thermal.h:166:29: note: expected ‘int’ but argument is of type ‘struct rcar_thermal_priv *’
drivers/thermal/rcar_thermal.c:214:10: error: too few arguments to function ‘thermal_zone_device_register’
include/linux/thermal.h:166:29: note: declared here
make[1]: *** [drivers/thermal/rcar_thermal.o] Error 1
make: *** [drivers/thermal/rcar_thermal.o] Error 2

with gcc version 4.6.3 (Ubuntu/Linaro 4.6.3-1ubuntu5)

Signed-off-by: Devendra Naga <develkernel412222@gmail.com>
Signed-off-by: Kuninori Morimoto <kuninori.morimoto.gx@renesas.com>
Signed-off-by: Zhang Rui <rui.zhang@intel.com>

