clk: samsung: Fix compilation error

Fixes the below compilation error during non-dt build.
drivers/clk/samsung/clk.c: In function 'samsung_clk_of_register_fixed_ext':
drivers/clk/samsung/clk.c:252:2: error: implicit declaration of function 'for_each_matching_node_and_match' [-Werror=implicit-function-declaration]
drivers/clk/samsung/clk.c:252:60: error: expected ';' before '{' token

Signed-off-by: Sachin Kamat <sachin.kamat@linaro.org>
Signed-off-by: Kukjin Kim <kgene.kim@samsung.com>

