watchdog: jz4740: Fix modular build

Compiling this driver as a module causes a build error because a
semicolon is missing after MODULE_DEVICE_TABLE. Add it.

  CC [M]  drivers/watchdog/jz4740_wdt.o
drivers/watchdog/jz4740_wdt.c:154:1: error: expected ‘,’ or ‘;’ before ‘static’
drivers/watchdog/jz4740_wdt.c:218:11: error: ‘jz4740_wdt_probe’ undeclared here (not in a function)

Cc: Zubair Lutfullah Kakakhel <Zubair.Kakakhel@imgtec.com>
Cc: Guenter Roeck <linux@roeck-us.net>
Signed-off-by: Stephen Boyd <sboyd@codeaurora.org>
Reviewed-by: Guenter Roeck <linux@roeck-us.net>
Signed-off-by: Guenter Roeck <linux@roeck-us.net>

