[media] pms: fix build error in pms_probe()

Fix a compiler breakage introduced by commit 8173090acb33:

drivers/media/video/pms.c: In function ‘pms_probe’:
drivers/media/video/pms.c:1047:2: error: implicit declaration of function ‘kzalloc’ [-Werror=implicit-function-declaration]
drivers/media/video/pms.c:1116:2: error: implicit declaration of function ‘kfree’ [-Werror=implicit-function-declaration]

Signed-off-by: Fengguang Wu <fengguang.wu@intel.com>
Signed-off-by: Mauro Carvalho Chehab <mchehab@redhat.com>

