ASoC: wm9712: Fix build due to missing definition of "runtime"

Fix the following build error:

sound/soc/codecs/wm9712.c:482:32: error: 'runtime' undeclared (first use in this function)
sound/soc/codecs/wm9712.c:499:33: error: 'runtime' undeclared (first use in this function)

Signed-off-by: Fabio Estevam <fabio.estevam@freescale.com>
Signed-off-by: Mark Brown <broonie@opensource.wolfsonmicro.com>

