regulator: tps62360: Fix build error due to missing semicolon

Fix below build error:
  CC [M]  drivers/regulator/tps62360-regulator.o
drivers/regulator/tps62360-regulator.c:351:1: error: expected ',' or ';' before 'extern'
make[2]: *** [drivers/regulator/tps62360-regulator.o] Error 1
make[1]: *** [drivers/regulator] Error 2
make: *** [drivers] Error 2

Signed-off-by: Axel Lin <axel.lin@gmail.com>
Acked-by: Laxman Dewangan <ldewangan@nvidia.com>
Signed-off-by: Mark Brown <broonie@opensource.wolfsonmicro.com>

